Log file open, 02/23/23 14:03:04
LogWindows: Failed to load 'aqProf.dll' (GetLastError=126)
LogWindows: File 'aqProf.dll' does not exist
LogWindows: Failed to load 'VtuneApi.dll' (GetLastError=126)
LogWindows: File 'VtuneApi.dll' does not exist
LogWindows: Failed to load 'VtuneApi32e.dll' (GetLastError=126)
LogWindows: File 'VtuneApi32e.dll' does not exist
LogConsoleResponse: Display: Failed to find resolution value strings in scalability ini. Falling back to default.
LogConsoleResponse: Display: Failed to find resolution value strings in scalability ini. Falling back to default.
LogInit: Display: Running engine for game: Reversi
LogPlatformFile: Not using cached read wrapper
LogTaskGraph: Started task graph with 5 named threads and 47 total threads with 3 sets of task threads.
LogStats: Stats thread started at 0.116446
LogICUInternationalization: ICU TimeZone Detection - Raw Offset: +7:00, Platform Override: ''
LogInit: Display: Loading text-based GConfig....
LogPluginManager: Mounting plugin MeshPainting
LogPluginManager: Mounting plugin XGEController
LogPluginManager: Mounting plugin LiveLink
LogPluginManager: Mounting plugin Paper2D
LogPluginManager: Mounting plugin AISupport
LogPluginManager: Mounting plugin EnvironmentQueryEditor
LogPluginManager: Mounting plugin GameplayCameras
LogPluginManager: Mounting plugin LightPropagationVolume
LogPluginManager: Mounting plugin OodleData
LogPluginManager: Mounting plugin CameraShakePreviewer
LogPluginManager: Mounting plugin OodleNetwork
LogPluginManager: Mounting plugin AssetManagerEditor
LogPluginManager: Mounting plugin CryptoKeys
LogPluginManager: Mounting plugin DataValidation
LogPluginManager: Mounting plugin FacialAnimation
LogPluginManager: Mounting plugin CurveEditorTools
LogPluginManager: Mounting plugin MacGraphicsSwitching
LogPluginManager: Mounting plugin GameplayTagsEditor
LogPluginManager: Mounting plugin MaterialAnalyzer
LogPluginManager: Mounting plugin GeometryMode
LogPluginManager: Mounting plugin PluginBrowser
LogPluginManager: Mounting plugin SpeedTreeImporter
LogPluginManager: Mounting plugin AnimationSharing
LogPluginManager: Mounting plugin CLionSourceCodeAccess
LogPluginManager: Mounting plugin CodeLiteSourceCodeAccess
LogPluginManager: Mounting plugin KDevelopSourceCodeAccess
LogPluginManager: Mounting plugin GitSourceControl
LogPluginManager: Mounting plugin PerforceSourceControl
LogPluginManager: Mounting plugin NullSourceCodeAccess
LogPluginManager: Mounting plugin MobileLauncherProfileWizard
LogPluginManager: Mounting plugin PixWinPlugin
LogPluginManager: Mounting plugin PlasticSourceControl
LogPluginManager: Mounting plugin PluginUtils
LogPluginManager: Mounting plugin PropertyAccessNode
LogPluginManager: Mounting plugin TextureFormatOodle
LogPluginManager: Mounting plugin RiderSourceCodeAccess
LogPluginManager: Mounting plugin UObjectPlugin
LogPluginManager: Mounting plugin SubversionSourceControl
LogPluginManager: Mounting plugin VisualStudioSourceCodeAccess
LogPluginManager: Mounting plugin XCodeSourceCodeAccess
LogPluginManager: Mounting plugin VisualStudioCodeSourceCodeAccess
LogPluginManager: Mounting plugin Niagara
LogPluginManager: Mounting plugin AutomationUtils
LogPluginManager: Mounting plugin AlembicImporter
LogPluginManager: Mounting plugin BackChannel
LogPluginManager: Mounting plugin ChaosClothEditor
LogPluginManager: Mounting plugin ChaosNiagara
LogPluginManager: Mounting plugin ChaosSolverPlugin
LogPluginManager: Mounting plugin ChaosCloth
LogPluginManager: Mounting plugin ChaosEditor
LogPluginManager: Mounting plugin CharacterAI
LogPluginManager: Mounting plugin GeometryCollectionPlugin
LogPluginManager: Mounting plugin GeometryCache
LogPluginManager: Mounting plugin LuminPlatformFeatures
LogPluginManager: Mounting plugin MagicLeap
LogPluginManager: Mounting plugin MagicLeapLightEstimation
LogPluginManager: Mounting plugin MagicLeapPassableWorld
LogPluginManager: Mounting plugin MagicLeapMedia
LogPluginManager: Mounting plugin MLSDK
LogPluginManager: Mounting plugin DatasmithContent
LogPluginManager: Mounting plugin GeometryProcessing
LogPluginManager: Mounting plugin VariantManagerContent
LogPluginManager: Mounting plugin MotoSynth
LogPluginManager: Mounting plugin OpenImageDenoise
LogPluginManager: Mounting plugin PlanarCut
LogPluginManager: Mounting plugin PlatformCrypto
LogPluginManager: Mounting plugin ProxyLODPlugin
LogPluginManager: Mounting plugin PythonScriptPlugin
LogPluginManager: Mounting plugin AndroidMedia
LogPluginManager: Mounting plugin AvfMedia
LogPluginManager: Mounting plugin SkeletalReduction
LogPluginManager: Mounting plugin ImgMedia
LogPluginManager: Mounting plugin MediaCompositing
LogPluginManager: Mounting plugin WmfMedia
LogPluginManager: Mounting plugin MediaPlayerEditor
LogPluginManager: Mounting plugin ActorSequence
LogPluginManager: Mounting plugin WebMMedia
LogPluginManager: Mounting plugin MatineeToLevelSequence
LogPluginManager: Mounting plugin TemplateSequence
LogPluginManager: Mounting plugin TcpMessaging
LogPluginManager: Mounting plugin OnlineSubsystem
LogPluginManager: Mounting plugin LevelSequenceEditor
LogPluginManager: Mounting plugin LauncherChunkInstaller
LogPluginManager: Mounting plugin UdpMessaging
LogPluginManager: Mounting plugin OnlineSubsystemNull
LogPluginManager: Mounting plugin OnlineSubsystemUtils
LogPluginManager: Mounting plugin ActorLayerUtilities
LogPluginManager: Mounting plugin AndroidDeviceProfileSelector
LogPluginManager: Mounting plugin AndroidMoviePlayer
LogPluginManager: Mounting plugin AndroidPermission
LogPluginManager: Mounting plugin AppleImageUtils
LogPluginManager: Mounting plugin AppleMoviePlayer
LogPluginManager: Mounting plugin ArchVisCharacter
LogPluginManager: Mounting plugin AssetTags
LogPluginManager: Mounting plugin AudioSynesthesia
LogPluginManager: Mounting plugin CableComponent
LogPluginManager: Mounting plugin ChunkDownloader
LogPluginManager: Mounting plugin CustomMeshComponent
LogPluginManager: Mounting plugin ExampleDeviceProfileSelector
LogPluginManager: Mounting plugin EditableMesh
LogPluginManager: Mounting plugin AudioCapture
LogPluginManager: Mounting plugin GoogleCloudMessaging
LogPluginManager: Mounting plugin GooglePAD
LogPluginManager: Mounting plugin ScreenshotTools
LogPluginManager: Mounting plugin IOSDeviceProfileSelector
LogPluginManager: Mounting plugin LinuxDeviceProfileSelector
LogPluginManager: Mounting plugin LocationServicesBPLibrary
LogPluginManager: Mounting plugin MobilePatchingUtils
LogPluginManager: Mounting plugin OpenXR
LogPluginManager: Mounting plugin OpenXREyeTracker
LogPluginManager: Mounting plugin OpenXRHandTracking
LogPluginManager: Mounting plugin PhysXVehicles
LogPluginManager: Mounting plugin PostSplashScreen
LogPluginManager: Mounting plugin ProceduralMeshComponent
LogPluginManager: Mounting plugin PropertyAccessEditor
LogPluginManager: Mounting plugin Takes
LogPluginManager: Mounting plugin RuntimePhysXCooking
LogPluginManager: Mounting plugin SignificanceManager
LogPluginManager: Mounting plugin SoundFields
LogPluginManager: Mounting plugin Synthesis
LogPluginManager: Mounting plugin WebMMoviePlayer
LogPluginManager: Mounting plugin WindowsMoviePlayer
LogPluginManager: Mounting plugin ContentBrowserAssetDataSource
LogPluginManager: Mounting plugin ContentBrowserClassDataSource
LogPluginManager: Mounting plugin ContentBrowserFileDataSource
LogPluginManager: Mounting plugin OnlineSubsystemGooglePlay
LogPluginManager: Mounting plugin OnlineSubsystemIOS
LogPluginManager: Mounting plugin OculusVR
LogPluginManager: Mounting plugin SteamVR
PixWinPlugin: PIX capture plugin failed to initialize! Check that the process is launched from PIX.
LogInit: Using libcurl 7.55.1-DEV
LogInit:  - built for x86_64-pc-win32
LogInit:  - supports SSL with OpenSSL/1.1.1
LogInit:  - supports HTTP deflate (compression) using libz 1.2.8
LogInit:  - other features:
LogInit:      CURL_VERSION_SSL
LogInit:      CURL_VERSION_LIBZ
LogInit:      CURL_VERSION_IPV6
LogInit:      CURL_VERSION_ASYNCHDNS
LogInit:      CURL_VERSION_LARGEFILE
LogInit:      CURL_VERSION_IDN
LogInit:  CurlRequestOptions (configurable via config and command line):
LogInit:  - bVerifyPeer = true  - Libcurl will verify peer certificate
LogInit:  - bUseHttpProxy = false  - Libcurl will NOT use HTTP proxy
LogInit:  - bDontReuseConnections = false  - Libcurl will reuse connections
LogInit:  - MaxHostConnections = 16  - Libcurl will limit the number of connections to a host
LogInit:  - LocalHostAddr = Default
LogInit:  - BufferSize = 65536
LogOnline: OSS: Creating online subsystem instance for: NULL
LogInit: WinSock: version 1.1 (2.2), MaxSocks=32767, MaxUdp=65467
LogOnline: OSS: TryLoadSubsystemAndSetDefault: Loaded subsystem for module [NULL]
LogOculusPluginWrapper: OculusPlugin initialized successfully
LogHMD: Failed initializing OVRPlugin 1.59.0
LogInit: Build: ++UE4+Release-4.27-CL-0
LogInit: Engine Version: 4.27.2-0+++UE4+Release-4.27
LogInit: Compatible Engine Version: 4.27.0-0+++UE4+Release-4.27
LogInit: Net CL: 0
LogInit: OS: Windows 10 (Release 2009) (), CPU: AMD Ryzen 7 7700 8-Core Processor              , GPU: NVIDIA GeForce RTX 3060 Ti
LogInit: Compiled (64-bit): Feb 23 2023 09:24:06
LogInit: Compiled with Visual C++: 19.35.32215.00
LogInit: Build Configuration: Development
LogInit: Branch Name: ++UE4+Release-4.27
LogInit: Command Line: 
LogInit: Base Directory: C:/UnrealEngine-4.27/Engine/Binaries/Win64/
LogInit: Allocator: TBB
LogInit: Installed Engine Build: 0
LogDevObjectVersion: Number of dev versions registered: 29
LogDevObjectVersion:   Dev-Blueprints (B0D832E4-1F89-4F0D-ACCF-7EB736FD4AA2): 10
LogDevObjectVersion:   Dev-Build (E1C64328-A22C-4D53-A36C-8E866417BD8C): 0
LogDevObjectVersion:   Dev-Core (375EC13C-06E4-48FB-B500-84F0262A717E): 4
LogDevObjectVersion:   Dev-Editor (E4B068ED-F494-42E9-A231-DA0B2E46BB41): 40
LogDevObjectVersion:   Dev-Framework (CFFC743F-43B0-4480-9391-14DF171D2073): 37
LogDevObjectVersion:   Dev-Mobile (B02B49B5-BB20-44E9-A304-32B752E40360): 3
LogDevObjectVersion:   Dev-Networking (A4E4105C-59A1-49B5-A7C5-40C4547EDFEE): 0
LogDevObjectVersion:   Dev-Online (39C831C9-5AE6-47DC-9A44-9C173E1C8E7C): 0
LogDevObjectVersion:   Dev-Physics (78F01B33-EBEA-4F98-B9B4-84EACCB95AA2): 14
LogDevObjectVersion:   Dev-Platform (6631380F-2D4D-43E0-8009-CF276956A95A): 0
LogDevObjectVersion:   Dev-Rendering (12F88B9F-8875-4AFC-A67C-D90C383ABD29): 45
LogDevObjectVersion:   Dev-Sequencer (7B5AE74C-D270-4C10-A958-57980B212A5A): 13
LogDevObjectVersion:   Dev-VR (D7296918-1DD6-4BDD-9DE2-64A83CC13884): 3
LogDevObjectVersion:   Dev-LoadTimes (C2A15278-BFE7-4AFE-6C17-90FF531DF755): 1
LogDevObjectVersion:   Private-Geometry (6EACA3D4-40EC-4CC1-B786-8BED09428FC5): 3
LogDevObjectVersion:   Dev-AnimPhys (29E575DD-E0A3-4627-9D10-D276232CDCEA): 17
LogDevObjectVersion:   Dev-Anim (AF43A65D-7FD3-4947-9873-3E8ED9C1BB05): 15
LogDevObjectVersion:   Dev-ReflectionCapture (6B266CEC-1EC7-4B8F-A30B-E4D90942FC07): 1
LogDevObjectVersion:   Dev-Automation (0DF73D61-A23F-47EA-B727-89E90C41499A): 1
LogDevObjectVersion:   FortniteMain (601D1886-AC64-4F84-AA16-D3DE0DEAC7D6): 47
LogDevObjectVersion:   FortniteRelease (E7086368-6B23-4C58-8439-1B7016265E91): 1
LogDevObjectVersion:   Dev-Enterprise (9DFFBCD6-494F-0158-E221-12823C92A888): 10
LogDevObjectVersion:   Dev-Niagara (F2AED0AC-9AFE-416F-8664-AA7FFA26D6FC): 1
LogDevObjectVersion:   Dev-Destruction (174F1F0B-B4C6-45A5-B13F-2EE8D0FB917D): 10
LogDevObjectVersion:   Dev-Physics-Ext (35F94A83-E258-406C-A318-09F59610247C): 41
LogDevObjectVersion:   Dev-PhysicsMaterial-Chaos (B68FC16E-8B1B-42E2-B453-215C058844FE): 1
LogDevObjectVersion:   Dev-CineCamera (B2E18506-4273-CFC2-A54E-F4BB758BBA07): 1
LogDevObjectVersion:   Dev-VirtualProduction (64F58936-FD1B-42BA-BA96-7289D5D0FA4E): 1
LogDevObjectVersion:   Dev-MediaFramework (6F0ED827-A609-4895-9C91-998D90180EA4): 2
LogInit: Presizing for max 25165824 objects, including 0 objects not considered by GC, pre-allocating 0 bytes for permanent pool.
LogConfig: Applying CVar settings from Section [/Script/Engine.StreamingSettings] File [C:/Unreal Project/Reversi/Saved/Config/Windows/Engine.ini]
LogConfig: Setting CVar [[s.MinBulkDataSizeForAsyncLoading:131072]]
LogConfig: Setting CVar [[s.AsyncLoadingThreadEnabled:0]]
LogConfig: Setting CVar [[s.EventDrivenLoaderEnabled:1]]
LogConfig: Setting CVar [[s.WarnIfTimeLimitExceeded:0]]
LogConfig: Setting CVar [[s.TimeLimitExceededMultiplier:1.5]]
LogConfig: Setting CVar [[s.TimeLimitExceededMinTime:0.005]]
LogConfig: Setting CVar [[s.UseBackgroundLevelStreaming:1]]
LogConfig: Setting CVar [[s.PriorityAsyncLoadingExtraTime:15.0]]
LogConfig: Setting CVar [[s.LevelStreamingActorsUpdateTimeLimit:5.0]]
LogConfig: Setting CVar [[s.PriorityLevelStreamingActorsUpdateExtraTime:5.0]]
LogConfig: Setting CVar [[s.LevelStreamingComponentsRegistrationGranularity:10]]
LogConfig: Setting CVar [[s.UnregisterComponentsTimeLimit:1.0]]
LogConfig: Setting CVar [[s.LevelStreamingComponentsUnregistrationGranularity:5]]
LogConfig: Setting CVar [[s.FlushStreamingOnExit:1]]
LogInit: Object subsystem initialized
LogConfig: Setting CVar [[con.DebugEarlyDefault:1]]
LogConfig: Setting CVar [[r.setres:1280x720]]
[2023.02.23-07.03.04:781][  0]LogConfig: Setting CVar [[r.VSync:0]]
[2023.02.23-07.03.04:781][  0]LogConfig: Setting CVar [[r.RHICmdBypass:0]]
[2023.02.23-07.03.04:781][  0]LogConfig: Applying CVar settings from Section [/Script/Engine.RendererSettings] File [C:/Unreal Project/Reversi/Saved/Config/Windows/Engine.ini]
[2023.02.23-07.03.04:781][  0]LogConfig: Setting CVar [[r.GPUCrashDebugging:0]]
[2023.02.23-07.03.04:781][  0]LogConfig: Applying CVar settings from Section [/Script/Engine.RendererOverrideSettings] File [C:/Unreal Project/Reversi/Saved/Config/Windows/Engine.ini]
[2023.02.23-07.03.04:781][  0]LogConfig: Applying CVar settings from Section [/Script/Engine.StreamingSettings] File [C:/Unreal Project/Reversi/Saved/Config/Windows/Engine.ini]
[2023.02.23-07.03.04:781][  0]LogConfig: Setting CVar [[s.MinBulkDataSizeForAsyncLoading:131072]]
[2023.02.23-07.03.04:781][  0]LogConfig: Setting CVar [[s.AsyncLoadingThreadEnabled:0]]
[2023.02.23-07.03.04:781][  0]LogConfig: Setting CVar [[s.EventDrivenLoaderEnabled:1]]
[2023.02.23-07.03.04:781][  0]LogConfig: Setting CVar [[s.WarnIfTimeLimitExceeded:0]]
[2023.02.23-07.03.04:781][  0]LogConfig: Setting CVar [[s.TimeLimitExceededMultiplier:1.5]]
[2023.02.23-07.03.04:781][  0]LogConfig: Setting CVar [[s.TimeLimitExceededMinTime:0.005]]
[2023.02.23-07.03.04:781][  0]LogConfig: Setting CVar [[s.UseBackgroundLevelStreaming:1]]
[2023.02.23-07.03.04:781][  0]LogConfig: Setting CVar [[s.PriorityAsyncLoadingExtraTime:15.0]]
[2023.02.23-07.03.04:781][  0]LogConfig: Setting CVar [[s.LevelStreamingActorsUpdateTimeLimit:5.0]]
[2023.02.23-07.03.04:781][  0]LogConfig: Setting CVar [[s.PriorityLevelStreamingActorsUpdateExtraTime:5.0]]
[2023.02.23-07.03.04:781][  0]LogConfig: Setting CVar [[s.LevelStreamingComponentsRegistrationGranularity:10]]
[2023.02.23-07.03.04:781][  0]LogConfig: Setting CVar [[s.UnregisterComponentsTimeLimit:1.0]]
[2023.02.23-07.03.04:781][  0]LogConfig: Setting CVar [[s.LevelStreamingComponentsUnregistrationGranularity:5]]
[2023.02.23-07.03.04:781][  0]LogConfig: Setting CVar [[s.FlushStreamingOnExit:1]]
[2023.02.23-07.03.04:781][  0]LogConfig: Applying CVar settings from Section [/Script/Engine.GarbageCollectionSettings] File [C:/Unreal Project/Reversi/Saved/Config/Windows/Engine.ini]
[2023.02.23-07.03.04:781][  0]LogConfig: Setting CVar [[gc.MaxObjectsNotConsideredByGC:1]]
[2023.02.23-07.03.04:781][  0]LogConfig: Setting CVar [[gc.SizeOfPermanentObjectPool:0]]
[2023.02.23-07.03.04:781][  0]LogConfig: Setting CVar [[gc.FlushStreamingOnGC:0]]
[2023.02.23-07.03.04:781][  0]LogConfig: Setting CVar [[gc.NumRetriesBeforeForcingGC:10]]
[2023.02.23-07.03.04:781][  0]LogConfig: Setting CVar [[gc.AllowParallelGC:1]]
[2023.02.23-07.03.04:781][  0]LogConfig: Setting CVar [[gc.TimeBetweenPurgingPendingKillObjects:61.1]]
[2023.02.23-07.03.04:781][  0]LogConfig: Setting CVar [[gc.MaxObjectsInEditor:25165824]]
[2023.02.23-07.03.04:781][  0]LogConfig: Setting CVar [[gc.IncrementalBeginDestroyEnabled:1]]
[2023.02.23-07.03.04:781][  0]LogConfig: Setting CVar [[gc.CreateGCClusters:1]]
[2023.02.23-07.03.04:781][  0]LogConfig: Setting CVar [[gc.MinGCClusterSize:5]]
[2023.02.23-07.03.04:781][  0]LogConfig: Setting CVar [[gc.ActorClusteringEnabled:0]]
[2023.02.23-07.03.04:781][  0]LogConfig: Setting CVar [[gc.BlueprintClusteringEnabled:0]]
[2023.02.23-07.03.04:781][  0]LogConfig: Setting CVar [[gc.UseDisregardForGCOnDedicatedServers:0]]
[2023.02.23-07.03.04:781][  0]LogConfig: Setting CVar [[gc.MultithreadedDestructionEnabled:1]]
[2023.02.23-07.03.04:781][  0]LogConfig: Applying CVar settings from Section [/Script/Engine.NetworkSettings] File [C:/Unreal Project/Reversi/Saved/Config/Windows/Engine.ini]
[2023.02.23-07.03.04:781][  0]LogConfig: Applying CVar settings from Section [/Script/UnrealEd.CookerSettings] File [C:/Unreal Project/Reversi/Saved/Config/Windows/Engine.ini]
[2023.02.23-07.03.04:787][  0]LogConfig: Applying CVar settings from Section [ViewDistanceQuality@3] File [C:/Unreal Project/Reversi/Saved/Config/Windows/Scalability.ini]
[2023.02.23-07.03.04:787][  0]LogConfig: Setting CVar [[r.SkeletalMeshLODBias:0]]
[2023.02.23-07.03.04:787][  0]LogConfig: Setting CVar [[r.ViewDistanceScale:1.0]]
[2023.02.23-07.03.04:787][  0]LogConfig: Applying CVar settings from Section [AntiAliasingQuality@3] File [C:/Unreal Project/Reversi/Saved/Config/Windows/Scalability.ini]
[2023.02.23-07.03.04:787][  0]LogConfig: Setting CVar [[r.PostProcessAAQuality:4]]
[2023.02.23-07.03.04:787][  0]LogConfig: Applying CVar settings from Section [ShadowQuality@3] File [C:/Unreal Project/Reversi/Saved/Config/Windows/Scalability.ini]
[2023.02.23-07.03.04:787][  0]LogConfig: Setting CVar [[r.LightFunctionQuality:1]]
[2023.02.23-07.03.04:787][  0]LogConfig: Setting CVar [[r.ShadowQuality:5]]
[2023.02.23-07.03.04:787][  0]LogConfig: Setting CVar [[r.Shadow.CSM.MaxCascades:10]]
[2023.02.23-07.03.04:787][  0]LogConfig: Setting CVar [[r.Shadow.MaxResolution:2048]]
[2023.02.23-07.03.04:787][  0]LogConfig: Setting CVar [[r.Shadow.MaxCSMResolution:2048]]
[2023.02.23-07.03.04:787][  0]LogConfig: Setting CVar [[r.Shadow.RadiusThreshold:0.01]]
[2023.02.23-07.03.04:787][  0]LogConfig: Setting CVar [[r.Shadow.DistanceScale:1.0]]
[2023.02.23-07.03.04:787][  0]LogConfig: Setting CVar [[r.Shadow.CSM.TransitionScale:1.0]]
[2023.02.23-07.03.04:787][  0]LogConfig: Setting CVar [[r.Shadow.PreShadowResolutionFactor:1.0]]
[2023.02.23-07.03.04:787][  0]LogConfig: Setting CVar [[r.DistanceFieldShadowing:1]]
[2023.02.23-07.03.04:787][  0]LogConfig: Setting CVar [[r.DistanceFieldAO:1]]
[2023.02.23-07.03.04:787][  0]LogConfig: Setting CVar [[r.AOQuality:2]]
[2023.02.23-07.03.04:787][  0]LogConfig: Setting CVar [[r.VolumetricFog:1]]
[2023.02.23-07.03.04:787][  0]LogConfig: Setting CVar [[r.VolumetricFog.GridPixelSize:8]]
[2023.02.23-07.03.04:787][  0]LogConfig: Setting CVar [[r.VolumetricFog.GridSizeZ:128]]
[2023.02.23-07.03.04:787][  0]LogConfig: Setting CVar [[r.VolumetricFog.HistoryMissSupersampleCount:4]]
[2023.02.23-07.03.04:787][  0]LogConfig: Setting CVar [[r.LightMaxDrawDistanceScale:1]]
[2023.02.23-07.03.04:787][  0]LogConfig: Setting CVar [[r.CapsuleShadows:1]]
[2023.02.23-07.03.04:787][  0]LogConfig: Applying CVar settings from Section [PostProcessQuality@3] File [C:/Unreal Project/Reversi/Saved/Config/Windows/Scalability.ini]
[2023.02.23-07.03.04:787][  0]LogConfig: Setting CVar [[r.MotionBlurQuality:4]]
[2023.02.23-07.03.04:787][  0]LogConfig: Setting CVar [[r.AmbientOcclusionMipLevelFactor:0.4]]
[2023.02.23-07.03.04:787][  0]LogConfig: Setting CVar [[r.AmbientOcclusionMaxQuality:100]]
[2023.02.23-07.03.04:788][  0]LogConfig: Setting CVar [[r.AmbientOcclusionLevels:-1]]
[2023.02.23-07.03.04:788][  0]LogConfig: Setting CVar [[r.AmbientOcclusionRadiusScale:1.0]]
[2023.02.23-07.03.04:788][  0]LogConfig: Setting CVar [[r.DepthOfFieldQuality:2]]
[2023.02.23-07.03.04:788][  0]LogConfig: Setting CVar [[r.RenderTargetPoolMin:400]]
[2023.02.23-07.03.04:788][  0]LogConfig: Setting CVar [[r.LensFlareQuality:2]]
[2023.02.23-07.03.04:788][  0]LogConfig: Setting CVar [[r.SceneColorFringeQuality:1]]
[2023.02.23-07.03.04:788][  0]LogConfig: Setting CVar [[r.EyeAdaptationQuality:2]]
[2023.02.23-07.03.04:788][  0]LogConfig: Setting CVar [[r.BloomQuality:5]]
[2023.02.23-07.03.04:788][  0]LogConfig: Setting CVar [[r.FastBlurThreshold:100]]
[2023.02.23-07.03.04:788][  0]LogConfig: Setting CVar [[r.Upscale.Quality:3]]
[2023.02.23-07.03.04:788][  0]LogConfig: Setting CVar [[r.Tonemapper.GrainQuantization:1]]
[2023.02.23-07.03.04:788][  0]LogConfig: Setting CVar [[r.LightShaftQuality:1]]
[2023.02.23-07.03.04:788][  0]LogConfig: Setting CVar [[r.Filter.SizeScale:1]]
[2023.02.23-07.03.04:788][  0]LogConfig: Setting CVar [[r.Tonemapper.Quality:5]]
[2023.02.23-07.03.04:788][  0]LogConfig: Setting CVar [[r.DOF.Gather.AccumulatorQuality:1        ; higher gathering accumulator quality]]
[2023.02.23-07.03.04:788][  0]LogConfig: Setting CVar [[r.DOF.Gather.PostfilterMethod:1          ; Median3x3 postfilering method]]
[2023.02.23-07.03.04:788][  0]LogConfig: Setting CVar [[r.DOF.Gather.EnableBokehSettings:0       ; no bokeh simulation when gathering]]
[2023.02.23-07.03.04:788][  0]LogConfig: Setting CVar [[r.DOF.Gather.RingCount:4                 ; medium number of samples when gathering]]
[2023.02.23-07.03.04:788][  0]LogConfig: Setting CVar [[r.DOF.Scatter.ForegroundCompositing:1    ; additive foreground scattering]]
[2023.02.23-07.03.04:788][  0]LogConfig: Setting CVar [[r.DOF.Scatter.BackgroundCompositing:2    ; additive background scattering]]
[2023.02.23-07.03.04:788][  0]LogConfig: Setting CVar [[r.DOF.Scatter.EnableBokehSettings:1      ; bokeh simulation when scattering]]
[2023.02.23-07.03.04:788][  0]LogConfig: Setting CVar [[r.DOF.Scatter.MaxSpriteRatio:0.1         ; only a maximum of 10% of scattered bokeh]]
[2023.02.23-07.03.04:788][  0]LogConfig: Setting CVar [[r.DOF.Recombine.Quality:1                ; cheap slight out of focus]]
[2023.02.23-07.03.04:788][  0]LogConfig: Setting CVar [[r.DOF.Recombine.EnableBokehSettings:0    ; no bokeh simulation on slight out of focus]]
[2023.02.23-07.03.04:788][  0]LogConfig: Setting CVar [[r.DOF.TemporalAAQuality:1                ; more stable temporal accumulation]]
[2023.02.23-07.03.04:788][  0]LogConfig: Setting CVar [[r.DOF.Kernel.MaxForegroundRadius:0.025]]
[2023.02.23-07.03.04:788][  0]LogConfig: Setting CVar [[r.DOF.Kernel.MaxBackgroundRadius:0.025]]
[2023.02.23-07.03.04:788][  0]LogConfig: Applying CVar settings from Section [TextureQuality@3] File [C:/Unreal Project/Reversi/Saved/Config/Windows/Scalability.ini]
[2023.02.23-07.03.04:788][  0]LogConfig: Setting CVar [[r.Streaming.MipBias:0]]
[2023.02.23-07.03.04:788][  0]LogConfig: Setting CVar [[r.Streaming.AmortizeCPUToGPUCopy:0]]
[2023.02.23-07.03.04:788][  0]LogConfig: Setting CVar [[r.Streaming.MaxNumTexturesToStreamPerFrame:0]]
[2023.02.23-07.03.04:788][  0]LogConfig: Setting CVar [[r.Streaming.Boost:1]]
[2023.02.23-07.03.04:788][  0]LogConfig: Setting CVar [[r.MaxAnisotropy:8]]
[2023.02.23-07.03.04:788][  0]LogConfig: Setting CVar [[r.VT.MaxAnisotropy:8]]
[2023.02.23-07.03.04:788][  0]LogConfig: Setting CVar [[r.Streaming.LimitPoolSizeToVRAM:0]]
[2023.02.23-07.03.04:788][  0]LogConfig: Setting CVar [[r.Streaming.PoolSize:1000]]
[2023.02.23-07.03.04:788][  0]LogConfig: Setting CVar [[r.Streaming.MaxEffectiveScreenSize:0]]
[2023.02.23-07.03.04:788][  0]LogConfig: Applying CVar settings from Section [EffectsQuality@3] File [C:/Unreal Project/Reversi/Saved/Config/Windows/Scalability.ini]
[2023.02.23-07.03.04:788][  0]LogConfig: Setting CVar [[r.TranslucencyLightingVolumeDim:64]]
[2023.02.23-07.03.04:788][  0]LogConfig: Setting CVar [[r.RefractionQuality:2]]
[2023.02.23-07.03.04:788][  0]LogConfig: Setting CVar [[r.SSR.Quality:3]]
[2023.02.23-07.03.04:788][  0]LogConfig: Setting CVar [[r.SSR.HalfResSceneColor:0]]
[2023.02.23-07.03.04:788][  0]LogConfig: Setting CVar [[r.SceneColorFormat:4]]
[2023.02.23-07.03.04:788][  0]LogConfig: Setting CVar [[r.DetailMode:2]]
[2023.02.23-07.03.04:788][  0]LogConfig: Setting CVar [[r.TranslucencyVolumeBlur:1]]
[2023.02.23-07.03.04:788][  0]LogConfig: Setting CVar [[r.MaterialQualityLevel:1 ; High quality]]
[2023.02.23-07.03.04:788][  0]LogConfig: Setting CVar [[r.AnisotropicMaterials:1]]
[2023.02.23-07.03.04:788][  0]LogConfig: Setting CVar [[r.SSS.Scale:1]]
[2023.02.23-07.03.04:788][  0]LogConfig: Setting CVar [[r.SSS.SampleSet:2]]
[2023.02.23-07.03.04:788][  0]LogConfig: Setting CVar [[r.SSS.Quality:1]]
[2023.02.23-07.03.04:788][  0]LogConfig: Setting CVar [[r.SSS.HalfRes:0]]
[2023.02.23-07.03.04:788][  0]LogConfig: Setting CVar [[r.SSGI.Quality:3]]
[2023.02.23-07.03.04:788][  0]LogConfig: Setting CVar [[r.EmitterSpawnRateScale:1.0]]
[2023.02.23-07.03.04:788][  0]LogConfig: Setting CVar [[r.ParticleLightQuality:2]]
[2023.02.23-07.03.04:788][  0]LogConfig: Setting CVar [[r.SkyAtmosphere.AerialPerspectiveLUT.FastApplyOnOpaque:1 ; Always have FastSkyLUT 1 in this case to avoid wrong sky]]
[2023.02.23-07.03.04:788][  0]LogConfig: Setting CVar [[r.SkyAtmosphere.AerialPerspectiveLUT.SampleCountMaxPerSlice:4]]
[2023.02.23-07.03.04:788][  0]LogConfig: Setting CVar [[r.SkyAtmosphere.AerialPerspectiveLUT.DepthResolution:16.0]]
[2023.02.23-07.03.04:788][  0]LogConfig: Setting CVar [[r.SkyAtmosphere.FastSkyLUT:1]]
[2023.02.23-07.03.04:788][  0]LogConfig: Setting CVar [[r.SkyAtmosphere.FastSkyLUT.SampleCountMin:4.0]]
[2023.02.23-07.03.04:788][  0]LogConfig: Setting CVar [[r.SkyAtmosphere.FastSkyLUT.SampleCountMax:128.0]]
[2023.02.23-07.03.04:788][  0]LogConfig: Setting CVar [[r.SkyAtmosphere.SampleCountMin:4.0]]
[2023.02.23-07.03.04:788][  0]LogConfig: Setting CVar [[r.SkyAtmosphere.SampleCountMax:128.0]]
[2023.02.23-07.03.04:788][  0]LogConfig: Setting CVar [[r.SkyAtmosphere.TransmittanceLUT.UseSmallFormat:0]]
[2023.02.23-07.03.04:788][  0]LogConfig: Setting CVar [[r.SkyAtmosphere.TransmittanceLUT.SampleCount:10.0]]
[2023.02.23-07.03.04:788][  0]LogConfig: Setting CVar [[r.SkyAtmosphere.MultiScatteringLUT.SampleCount:15.0]]
[2023.02.23-07.03.04:788][  0]LogConfig: Setting CVar [[r.SkyLight.RealTimeReflectionCapture:1]]
[2023.02.23-07.03.04:788][  0]LogConfig: Applying CVar settings from Section [FoliageQuality@3] File [C:/Unreal Project/Reversi/Saved/Config/Windows/Scalability.ini]
[2023.02.23-07.03.04:788][  0]LogConfig: Setting CVar [[foliage.DensityScale:1.0]]
[2023.02.23-07.03.04:788][  0]LogConfig: Setting CVar [[grass.DensityScale:1.0]]
[2023.02.23-07.03.04:788][  0]LogConfig: Applying CVar settings from Section [ShadingQuality@3] File [C:/Unreal Project/Reversi/Saved/Config/Windows/Scalability.ini]
[2023.02.23-07.03.04:788][  0]LogConfig: Setting CVar [[r.HairStrands.SkyLighting.IntegrationType:2]]
[2023.02.23-07.03.04:788][  0]LogConfig: Setting CVar [[r.HairStrands.SkyAO.SampleCount:4]]
[2023.02.23-07.03.04:788][  0]LogConfig: Setting CVar [[r.HairStrands.Visibility.MSAA.SamplePerPixel:4]]
[2023.02.23-07.03.04:788][  0]LogInit: Selected Device Profile: [Windows]
[2023.02.23-07.03.04:788][  0]LogInit: Applying CVar settings loaded from the selected device profile: [Windows]
[2023.02.23-07.03.04:788][  0]LogHAL: Display: Platform has ~ 32 GB [33444212736 / 34359738368 / 32], which maps to Largest [LargestMinGB=32, LargerMinGB=12, DefaultMinGB=8, SmallerMinGB=6, SmallestMinGB=0)
[2023.02.23-07.03.04:788][  0]LogInit: Going up to parent DeviceProfile []
[2023.02.23-07.03.04:788][  0]LogConfig: Applying CVar settings from Section [ViewDistanceQuality@3] File [C:/Unreal Project/Reversi/Saved/Config/Windows/Scalability.ini]
[2023.02.23-07.03.04:788][  0]LogConfig: Setting CVar [[r.SkeletalMeshLODBias:0]]
[2023.02.23-07.03.04:788][  0]LogConfig: Setting CVar [[r.ViewDistanceScale:1.0]]
[2023.02.23-07.03.04:788][  0]LogConfig: Applying CVar settings from Section [AntiAliasingQuality@3] File [C:/Unreal Project/Reversi/Saved/Config/Windows/Scalability.ini]
[2023.02.23-07.03.04:788][  0]LogConfig: Setting CVar [[r.PostProcessAAQuality:4]]
[2023.02.23-07.03.04:788][  0]LogConfig: Applying CVar settings from Section [ShadowQuality@3] File [C:/Unreal Project/Reversi/Saved/Config/Windows/Scalability.ini]
[2023.02.23-07.03.04:788][  0]LogConfig: Setting CVar [[r.LightFunctionQuality:1]]
[2023.02.23-07.03.04:788][  0]LogConfig: Setting CVar [[r.ShadowQuality:5]]
[2023.02.23-07.03.04:788][  0]LogConfig: Setting CVar [[r.Shadow.CSM.MaxCascades:10]]
[2023.02.23-07.03.04:788][  0]LogConfig: Setting CVar [[r.Shadow.MaxResolution:2048]]
[2023.02.23-07.03.04:788][  0]LogConfig: Setting CVar [[r.Shadow.MaxCSMResolution:2048]]
[2023.02.23-07.03.04:788][  0]LogConfig: Setting CVar [[r.Shadow.RadiusThreshold:0.01]]
[2023.02.23-07.03.04:788][  0]LogConfig: Setting CVar [[r.Shadow.DistanceScale:1.0]]
[2023.02.23-07.03.04:788][  0]LogConfig: Setting CVar [[r.Shadow.CSM.TransitionScale:1.0]]
[2023.02.23-07.03.04:788][  0]LogConfig: Setting CVar [[r.Shadow.PreShadowResolutionFactor:1.0]]
[2023.02.23-07.03.04:788][  0]LogConfig: Setting CVar [[r.DistanceFieldShadowing:1]]
[2023.02.23-07.03.04:788][  0]LogConfig: Setting CVar [[r.DistanceFieldAO:1]]
[2023.02.23-07.03.04:788][  0]LogConfig: Setting CVar [[r.AOQuality:2]]
[2023.02.23-07.03.04:788][  0]LogConfig: Setting CVar [[r.VolumetricFog:1]]
[2023.02.23-07.03.04:788][  0]LogConfig: Setting CVar [[r.VolumetricFog.GridPixelSize:8]]
[2023.02.23-07.03.04:788][  0]LogConfig: Setting CVar [[r.VolumetricFog.GridSizeZ:128]]
[2023.02.23-07.03.04:788][  0]LogConfig: Setting CVar [[r.VolumetricFog.HistoryMissSupersampleCount:4]]
[2023.02.23-07.03.04:788][  0]LogConfig: Setting CVar [[r.LightMaxDrawDistanceScale:1]]
[2023.02.23-07.03.04:788][  0]LogConfig: Setting CVar [[r.CapsuleShadows:1]]
[2023.02.23-07.03.04:788][  0]LogConfig: Applying CVar settings from Section [PostProcessQuality@3] File [C:/Unreal Project/Reversi/Saved/Config/Windows/Scalability.ini]
[2023.02.23-07.03.04:788][  0]LogConfig: Setting CVar [[r.MotionBlurQuality:4]]
[2023.02.23-07.03.04:788][  0]LogConfig: Setting CVar [[r.AmbientOcclusionMipLevelFactor:0.4]]
[2023.02.23-07.03.04:788][  0]LogConfig: Setting CVar [[r.AmbientOcclusionMaxQuality:100]]
[2023.02.23-07.03.04:788][  0]LogConfig: Setting CVar [[r.AmbientOcclusionLevels:-1]]
[2023.02.23-07.03.04:788][  0]LogConfig: Setting CVar [[r.AmbientOcclusionRadiusScale:1.0]]
[2023.02.23-07.03.04:788][  0]LogConfig: Setting CVar [[r.DepthOfFieldQuality:2]]
[2023.02.23-07.03.04:788][  0]LogConfig: Setting CVar [[r.RenderTargetPoolMin:400]]
[2023.02.23-07.03.04:788][  0]LogConfig: Setting CVar [[r.LensFlareQuality:2]]
[2023.02.23-07.03.04:788][  0]LogConfig: Setting CVar [[r.SceneColorFringeQuality:1]]
[2023.02.23-07.03.04:788][  0]LogConfig: Setting CVar [[r.EyeAdaptationQuality:2]]
[2023.02.23-07.03.04:788][  0]LogConfig: Setting CVar [[r.BloomQuality:5]]
[2023.02.23-07.03.04:788][  0]LogConfig: Setting CVar [[r.FastBlurThreshold:100]]
[2023.02.23-07.03.04:788][  0]LogConfig: Setting CVar [[r.Upscale.Quality:3]]
[2023.02.23-07.03.04:788][  0]LogConfig: Setting CVar [[r.Tonemapper.GrainQuantization:1]]
[2023.02.23-07.03.04:788][  0]LogConfig: Setting CVar [[r.LightShaftQuality:1]]
[2023.02.23-07.03.04:788][  0]LogConfig: Setting CVar [[r.Filter.SizeScale:1]]
[2023.02.23-07.03.04:788][  0]LogConfig: Setting CVar [[r.Tonemapper.Quality:5]]
[2023.02.23-07.03.04:788][  0]LogConfig: Setting CVar [[r.DOF.Gather.AccumulatorQuality:1        ; higher gathering accumulator quality]]
[2023.02.23-07.03.04:788][  0]LogConfig: Setting CVar [[r.DOF.Gather.PostfilterMethod:1          ; Median3x3 postfilering method]]
[2023.02.23-07.03.04:788][  0]LogConfig: Setting CVar [[r.DOF.Gather.EnableBokehSettings:0       ; no bokeh simulation when gathering]]
[2023.02.23-07.03.04:788][  0]LogConfig: Setting CVar [[r.DOF.Gather.RingCount:4                 ; medium number of samples when gathering]]
[2023.02.23-07.03.04:788][  0]LogConfig: Setting CVar [[r.DOF.Scatter.ForegroundCompositing:1    ; additive foreground scattering]]
[2023.02.23-07.03.04:788][  0]LogConfig: Setting CVar [[r.DOF.Scatter.BackgroundCompositing:2    ; additive background scattering]]
[2023.02.23-07.03.04:788][  0]LogConfig: Setting CVar [[r.DOF.Scatter.EnableBokehSettings:1      ; bokeh simulation when scattering]]
[2023.02.23-07.03.04:788][  0]LogConfig: Setting CVar [[r.DOF.Scatter.MaxSpriteRatio:0.1         ; only a maximum of 10% of scattered bokeh]]
[2023.02.23-07.03.04:788][  0]LogConfig: Setting CVar [[r.DOF.Recombine.Quality:1                ; cheap slight out of focus]]
[2023.02.23-07.03.04:788][  0]LogConfig: Setting CVar [[r.DOF.Recombine.EnableBokehSettings:0    ; no bokeh simulation on slight out of focus]]
[2023.02.23-07.03.04:788][  0]LogConfig: Setting CVar [[r.DOF.TemporalAAQuality:1                ; more stable temporal accumulation]]
[2023.02.23-07.03.04:788][  0]LogConfig: Setting CVar [[r.DOF.Kernel.MaxForegroundRadius:0.025]]
[2023.02.23-07.03.04:788][  0]LogConfig: Setting CVar [[r.DOF.Kernel.MaxBackgroundRadius:0.025]]
[2023.02.23-07.03.04:788][  0]LogConfig: Applying CVar settings from Section [TextureQuality@3] File [C:/Unreal Project/Reversi/Saved/Config/Windows/Scalability.ini]
[2023.02.23-07.03.04:788][  0]LogConfig: Setting CVar [[r.Streaming.MipBias:0]]
[2023.02.23-07.03.04:788][  0]LogConfig: Setting CVar [[r.Streaming.AmortizeCPUToGPUCopy:0]]
[2023.02.23-07.03.04:788][  0]LogConfig: Setting CVar [[r.Streaming.MaxNumTexturesToStreamPerFrame:0]]
[2023.02.23-07.03.04:788][  0]LogConfig: Setting CVar [[r.Streaming.Boost:1]]
[2023.02.23-07.03.04:788][  0]LogConfig: Setting CVar [[r.MaxAnisotropy:8]]
[2023.02.23-07.03.04:788][  0]LogConfig: Setting CVar [[r.VT.MaxAnisotropy:8]]
[2023.02.23-07.03.04:788][  0]LogConfig: Setting CVar [[r.Streaming.LimitPoolSizeToVRAM:0]]
[2023.02.23-07.03.04:788][  0]LogConfig: Setting CVar [[r.Streaming.PoolSize:1000]]
[2023.02.23-07.03.04:788][  0]LogConfig: Setting CVar [[r.Streaming.MaxEffectiveScreenSize:0]]
[2023.02.23-07.03.04:788][  0]LogConfig: Applying CVar settings from Section [EffectsQuality@3] File [C:/Unreal Project/Reversi/Saved/Config/Windows/Scalability.ini]
[2023.02.23-07.03.04:788][  0]LogConfig: Setting CVar [[r.TranslucencyLightingVolumeDim:64]]
[2023.02.23-07.03.04:788][  0]LogConfig: Setting CVar [[r.RefractionQuality:2]]
[2023.02.23-07.03.04:788][  0]LogConfig: Setting CVar [[r.SSR.Quality:3]]
[2023.02.23-07.03.04:788][  0]LogConfig: Setting CVar [[r.SSR.HalfResSceneColor:0]]
[2023.02.23-07.03.04:788][  0]LogConfig: Setting CVar [[r.SceneColorFormat:4]]
[2023.02.23-07.03.04:788][  0]LogConfig: Setting CVar [[r.DetailMode:2]]
[2023.02.23-07.03.04:788][  0]LogConfig: Setting CVar [[r.TranslucencyVolumeBlur:1]]
[2023.02.23-07.03.04:788][  0]LogConfig: Setting CVar [[r.MaterialQualityLevel:1 ; High quality]]
[2023.02.23-07.03.04:788][  0]LogConfig: Setting CVar [[r.AnisotropicMaterials:1]]
[2023.02.23-07.03.04:789][  0]LogConfig: Setting CVar [[r.SSS.Scale:1]]
[2023.02.23-07.03.04:789][  0]LogConfig: Setting CVar [[r.SSS.SampleSet:2]]
[2023.02.23-07.03.04:789][  0]LogConfig: Setting CVar [[r.SSS.Quality:1]]
[2023.02.23-07.03.04:789][  0]LogConfig: Setting CVar [[r.SSS.HalfRes:0]]
[2023.02.23-07.03.04:789][  0]LogConfig: Setting CVar [[r.SSGI.Quality:3]]
[2023.02.23-07.03.04:789][  0]LogConfig: Setting CVar [[r.EmitterSpawnRateScale:1.0]]
[2023.02.23-07.03.04:789][  0]LogConfig: Setting CVar [[r.ParticleLightQuality:2]]
[2023.02.23-07.03.04:789][  0]LogConfig: Setting CVar [[r.SkyAtmosphere.AerialPerspectiveLUT.FastApplyOnOpaque:1 ; Always have FastSkyLUT 1 in this case to avoid wrong sky]]
[2023.02.23-07.03.04:789][  0]LogConfig: Setting CVar [[r.SkyAtmosphere.AerialPerspectiveLUT.SampleCountMaxPerSlice:4]]
[2023.02.23-07.03.04:789][  0]LogConfig: Setting CVar [[r.SkyAtmosphere.AerialPerspectiveLUT.DepthResolution:16.0]]
[2023.02.23-07.03.04:789][  0]LogConfig: Setting CVar [[r.SkyAtmosphere.FastSkyLUT:1]]
[2023.02.23-07.03.04:789][  0]LogConfig: Setting CVar [[r.SkyAtmosphere.FastSkyLUT.SampleCountMin:4.0]]
[2023.02.23-07.03.04:789][  0]LogConfig: Setting CVar [[r.SkyAtmosphere.FastSkyLUT.SampleCountMax:128.0]]
[2023.02.23-07.03.04:789][  0]LogConfig: Setting CVar [[r.SkyAtmosphere.SampleCountMin:4.0]]
[2023.02.23-07.03.04:789][  0]LogConfig: Setting CVar [[r.SkyAtmosphere.SampleCountMax:128.0]]
[2023.02.23-07.03.04:789][  0]LogConfig: Setting CVar [[r.SkyAtmosphere.TransmittanceLUT.UseSmallFormat:0]]
[2023.02.23-07.03.04:789][  0]LogConfig: Setting CVar [[r.SkyAtmosphere.TransmittanceLUT.SampleCount:10.0]]
[2023.02.23-07.03.04:789][  0]LogConfig: Setting CVar [[r.SkyAtmosphere.MultiScatteringLUT.SampleCount:15.0]]
[2023.02.23-07.03.04:789][  0]LogConfig: Setting CVar [[r.SkyLight.RealTimeReflectionCapture:1]]
[2023.02.23-07.03.04:789][  0]LogConfig: Applying CVar settings from Section [FoliageQuality@3] File [C:/Unreal Project/Reversi/Saved/Config/Windows/Scalability.ini]
[2023.02.23-07.03.04:789][  0]LogConfig: Setting CVar [[foliage.DensityScale:1.0]]
[2023.02.23-07.03.04:789][  0]LogConfig: Setting CVar [[grass.DensityScale:1.0]]
[2023.02.23-07.03.04:789][  0]LogConfig: Applying CVar settings from Section [ShadingQuality@3] File [C:/Unreal Project/Reversi/Saved/Config/Windows/Scalability.ini]
[2023.02.23-07.03.04:789][  0]LogConfig: Setting CVar [[r.HairStrands.SkyLighting.IntegrationType:2]]
[2023.02.23-07.03.04:789][  0]LogConfig: Setting CVar [[r.HairStrands.SkyAO.SampleCount:4]]
[2023.02.23-07.03.04:789][  0]LogConfig: Setting CVar [[r.HairStrands.Visibility.MSAA.SamplePerPixel:4]]
[2023.02.23-07.03.04:789][  0]LogConfig: Applying CVar settings from Section [Startup] File [../../../Engine/Config/ConsoleVariables.ini]
[2023.02.23-07.03.04:789][  0]LogConfig: Setting CVar [[net.UseAdaptiveNetUpdateFrequency:0]]
[2023.02.23-07.03.04:789][  0]LogConfig: Setting CVar [[p.chaos.AllowCreatePhysxBodies:1]]
[2023.02.23-07.03.04:789][  0]LogConfig: Setting CVar [[fx.SkipVectorVMBackendOptimizations:1]]
[2023.02.23-07.03.04:789][  0]LogConfig: Applying CVar settings from Section [ConsoleVariables] File [C:/Unreal Project/Reversi/Saved/Config/Windows/Engine.ini]
[2023.02.23-07.03.04:789][  0]LogConfig: Applying CVar settings from Section [ConsoleVariables] File [C:/Unreal Project/Reversi/Saved/Config/Windows/Editor.ini]
[2023.02.23-07.03.04:789][  0]LogInit: Computer: ACT-DES23003
[2023.02.23-07.03.04:789][  0]LogInit: User: Admn
[2023.02.23-07.03.04:789][  0]LogInit: CPU Page size=4096, Cores=8
[2023.02.23-07.03.04:789][  0]LogInit: High frequency timer resolution =10.000000 MHz
[2023.02.23-07.03.04:789][  0]LogMemory: Memory total: Physical=31.1GB (32GB approx)
[2023.02.23-07.03.04:789][  0]LogMemory: Platform Memory Stats for Windows
[2023.02.23-07.03.04:789][  0]LogMemory: Process Physical Memory: 149.44 MB used, 149.45 MB peak
[2023.02.23-07.03.04:789][  0]LogMemory: Process Virtual Memory: 122.72 MB used, 122.72 MB peak
[2023.02.23-07.03.04:789][  0]LogMemory: Physical Memory: 12161.41 MB used,  19733.47 MB free, 31894.89 MB total
[2023.02.23-07.03.04:789][  0]LogMemory: Virtual Memory: 134198984.00 MB used,  18742.56 MB free, 134217728.00 MB total
[2023.02.23-07.03.04:791][  0]LogWindows: WindowsPlatformFeatures enabled
[2023.02.23-07.03.04:819][  0]LogInit: Physics initialised using underlying interface: PhysX
[2023.02.23-07.03.04:821][  0]LogInit: Using OS detected language (en-US).
[2023.02.23-07.03.04:821][  0]LogInit: Using OS detected locale (en-US).
[2023.02.23-07.03.04:824][  0]LogTextLocalizationManager: No specific localization for 'en-US' exists, so the 'en' localization will be used.
[2023.02.23-07.03.04:925][  0]LogInit: Setting process to per monitor DPI aware
[2023.02.23-07.03.04:933][  0]LogWindowsTextInputMethodSystem: Display: IME system deactivated.
[2023.02.23-07.03.04:942][  0]LogSlate: New Slate User Created.  User Index 0, Is Virtual User: 0
[2023.02.23-07.03.04:942][  0]LogSlate: Slate User Registered.  User Index 0, Is Virtual User: 0
[2023.02.23-07.03.05:005][  0]LogD3D11RHI: Loaded GFSDK_Aftermath_Lib.x64.dll
[2023.02.23-07.03.05:007][  0]LogHMD: Failed to initialize OpenVR with code 110
[2023.02.23-07.03.05:007][  0]LogD3D11RHI: D3D11 min allowed feature level: 11_0
[2023.02.23-07.03.05:007][  0]LogD3D11RHI: D3D11 max allowed feature level: 11_0
[2023.02.23-07.03.05:007][  0]LogD3D11RHI: D3D11 adapters:
[2023.02.23-07.03.05:101][  0]LogD3D11RHI:    0. 'NVIDIA GeForce RTX 3060 Ti' (Feature Level 11_0)
[2023.02.23-07.03.05:101][  0]LogD3D11RHI:       8038/0/15947 MB DedicatedVideo/DedicatedSystem/SharedSystem, Outputs:2, VendorId:0x10de
[2023.02.23-07.03.05:128][  0]LogD3D11RHI:    1. 'AMD Radeon(TM) Graphics' (Feature Level 11_0)
[2023.02.23-07.03.05:128][  0]LogD3D11RHI:       485/0/15947 MB DedicatedVideo/DedicatedSystem/SharedSystem, Outputs:0, VendorId:0x1002
[2023.02.23-07.03.05:130][  0]LogD3D11RHI:    2. 'Microsoft Basic Render Driver' (Feature Level 11_0)
[2023.02.23-07.03.05:130][  0]LogD3D11RHI:       0/0/15947 MB DedicatedVideo/DedicatedSystem/SharedSystem, Outputs:0, VendorId:0x1414
[2023.02.23-07.03.05:130][  0]LogD3D11RHI: Chosen D3D11 Adapter:
[2023.02.23-07.03.05:130][  0]LogD3D11RHI:     Description : NVIDIA GeForce RTX 3060 Ti
[2023.02.23-07.03.05:130][  0]LogD3D11RHI:     VendorId    : 10de
[2023.02.23-07.03.05:130][  0]LogD3D11RHI:     DeviceId    : 2489
[2023.02.23-07.03.05:130][  0]LogD3D11RHI:     SubSysId    : c9721462
[2023.02.23-07.03.05:130][  0]LogD3D11RHI:     Revision    : 00a1
[2023.02.23-07.03.05:130][  0]LogD3D11RHI:     DedicatedVideoMemory : 8428453888 bytes
[2023.02.23-07.03.05:130][  0]LogD3D11RHI:     DedicatedSystemMemory : 0 bytes
[2023.02.23-07.03.05:130][  0]LogD3D11RHI:     SharedSystemMemory : 16722106368 bytes
[2023.02.23-07.03.05:130][  0]LogD3D11RHI:     AdapterLuid : 0 79595
[2023.02.23-07.03.05:136][  0]LogD3D11RHI: Creating new Direct3DDevice
[2023.02.23-07.03.05:136][  0]LogD3D11RHI:     GPU DeviceId: 0x2489 (for the marketing name, search the web for "GPU Device Id")
[2023.02.23-07.03.05:136][  0]LogWindows: EnumDisplayDevices:
[2023.02.23-07.03.05:136][  0]LogWindows:    0. 'NVIDIA GeForce RTX 3060 Ti' (P:1 D:1)
[2023.02.23-07.03.05:137][  0]LogWindows:    1. 'NVIDIA GeForce RTX 3060 Ti' (P:0 D:1)
[2023.02.23-07.03.05:137][  0]LogWindows:    2. 'NVIDIA GeForce RTX 3060 Ti' (P:0 D:0)
[2023.02.23-07.03.05:137][  0]LogWindows:    3. 'NVIDIA GeForce RTX 3060 Ti' (P:0 D:0)
[2023.02.23-07.03.05:137][  0]LogWindows:    4. 'AMD Radeon(TM) Graphics' (P:0 D:0)
[2023.02.23-07.03.05:137][  0]LogWindows:    5. 'AMD Radeon(TM) Graphics' (P:0 D:0)
[2023.02.23-07.03.05:137][  0]LogWindows:    6. 'AMD Radeon(TM) Graphics' (P:0 D:0)
[2023.02.23-07.03.05:138][  0]LogWindows:    7. 'AMD Radeon(TM) Graphics' (P:0 D:0)
[2023.02.23-07.03.05:138][  0]LogWindows:    8. 'AMD Radeon(TM) Graphics' (P:0 D:0)
[2023.02.23-07.03.05:138][  0]LogWindows: DebugString: PrimaryIsNotTheChoosenAdapter PrimaryIsNotTheChoosenAdapter PrimaryIsNotTheChoosenAdapter PrimaryIsNotTheChoosenAdapter PrimaryIsNotTheChoosenAdapter FoundDriverCount:4 
[2023.02.23-07.03.05:138][  0]LogD3D11RHI:     Adapter Name: NVIDIA GeForce RTX 3060 Ti
[2023.02.23-07.03.05:138][  0]LogD3D11RHI:   Driver Version: 528.49 (internal:31.0.15.2849, unified:528.49)
[2023.02.23-07.03.05:138][  0]LogD3D11RHI:      Driver Date: 2-2-2023
[2023.02.23-07.03.05:138][  0]LogRHI: Texture pool is 5626 MB (70% of 8038 MB)
[2023.02.23-07.03.05:138][  0]LogD3D11RHI: Creating D3DDevice using adapter:
[2023.02.23-07.03.05:138][  0]LogD3D11RHI:     Description : NVIDIA GeForce RTX 3060 Ti
[2023.02.23-07.03.05:138][  0]LogD3D11RHI:     VendorId    : 10de
[2023.02.23-07.03.05:138][  0]LogD3D11RHI:     DeviceId    : 2489
[2023.02.23-07.03.05:138][  0]LogD3D11RHI:     SubSysId    : c9721462
[2023.02.23-07.03.05:138][  0]LogD3D11RHI:     Revision    : 00a1
[2023.02.23-07.03.05:138][  0]LogD3D11RHI:     DedicatedVideoMemory : 8428453888 bytes
[2023.02.23-07.03.05:138][  0]LogD3D11RHI:     DedicatedSystemMemory : 0 bytes
[2023.02.23-07.03.05:138][  0]LogD3D11RHI:     SharedSystemMemory : 16722106368 bytes
[2023.02.23-07.03.05:138][  0]LogD3D11RHI:     AdapterLuid : 0 79595
[2023.02.23-07.03.05:185][  0]LogD3D11RHI: RHI has support for 64 bit atomics
[2023.02.23-07.03.05:185][  0]LogD3D11RHI: Async texture creation enabled
[2023.02.23-07.03.05:185][  0]LogD3D11RHI: Array index from any shader is supported
[2023.02.23-07.03.05:200][  0]LogD3D11RHI: GPU Timing Frequency: 1000.000000 (Debug: 2 1)
[2023.02.23-07.03.05:216][  0]LogRHI: GeForceNow SDK initialized: 1
[2023.02.23-07.03.05:346][  0]LogTargetPlatformManager: Display: Loaded TargetPlatform 'AllDesktop'
[2023.02.23-07.03.05:358][  0]LogTargetPlatformManager: Display: Loaded TargetPlatform 'Android'
[2023.02.23-07.03.05:358][  0]LogTargetPlatformManager: Display: Loaded TargetPlatform 'Android_ASTC'
[2023.02.23-07.03.05:358][  0]LogTargetPlatformManager: Display: Loaded TargetPlatform 'Android_DXT'
[2023.02.23-07.03.05:358][  0]LogTargetPlatformManager: Display: Loaded TargetPlatform 'Android_ETC2'
[2023.02.23-07.03.05:358][  0]LogTargetPlatformManager: Display: Loaded TargetPlatform 'AndroidClient'
[2023.02.23-07.03.05:358][  0]LogTargetPlatformManager: Display: Loaded TargetPlatform 'Android_ASTCClient'
[2023.02.23-07.03.05:358][  0]LogTargetPlatformManager: Display: Loaded TargetPlatform 'Android_DXTClient'
[2023.02.23-07.03.05:358][  0]LogTargetPlatformManager: Display: Loaded TargetPlatform 'Android_ETC2Client'
[2023.02.23-07.03.05:358][  0]LogTargetPlatformManager: Display: Loaded TargetPlatform 'Android_Multi'
[2023.02.23-07.03.05:358][  0]LogTargetPlatformManager: Display: Loaded TargetPlatform 'Android_MultiClient'
[2023.02.23-07.03.05:368][  0]LogTargetPlatformManager: Display: Loaded TargetPlatform 'IOSClient'
[2023.02.23-07.03.05:368][  0]LogTargetPlatformManager: Display: Loaded TargetPlatform 'IOS'
[2023.02.23-07.03.05:381][  0]LogTargetPlatformManager: Display: Loaded TargetPlatform 'Lumin'
[2023.02.23-07.03.05:381][  0]LogTargetPlatformManager: Display: Loaded TargetPlatform 'LuminClient'
[2023.02.23-07.03.05:386][  0]LogTargetPlatformManager: Display: Loaded TargetPlatform 'MacNoEditor'
[2023.02.23-07.03.05:388][  0]LogTargetPlatformManager: Display: Loaded TargetPlatform 'Mac'
[2023.02.23-07.03.05:390][  0]LogTargetPlatformManager: Display: Loaded TargetPlatform 'MacClient'
[2023.02.23-07.03.05:392][  0]LogTargetPlatformManager: Display: Loaded TargetPlatform 'MacServer'
[2023.02.23-07.03.05:398][  0]LogTargetPlatformManager: Display: Loaded TargetPlatform 'TVOSClient'
[2023.02.23-07.03.05:398][  0]LogTargetPlatformManager: Display: Loaded TargetPlatform 'TVOS'
[2023.02.23-07.03.05:403][  0]LogTargetPlatformManager: Display: Loaded TargetPlatform 'WindowsNoEditor'
[2023.02.23-07.03.05:405][  0]LogTargetPlatformManager: Display: Loaded TargetPlatform 'Windows'
[2023.02.23-07.03.05:408][  0]LogTargetPlatformManager: Display: Loaded TargetPlatform 'WindowsClient'
[2023.02.23-07.03.05:410][  0]LogTargetPlatformManager: Display: Loaded TargetPlatform 'WindowsServer'
[2023.02.23-07.03.05:410][  0]LogTargetPlatformManager: Display: Building Assets For Windows
[2023.02.23-07.03.05:413][  0]LogAudioDebug: Display: Lib vorbis DLL was dynamically loaded.
[2023.02.23-07.03.05:431][  0]LogTextureFormatOodle: Display: Oodle Texture 2.9.0 init RDO Off
[2023.02.23-07.03.05:451][  0]LogRendererCore: Ray tracing is disabled. Reason: r.RayTracing=0.
[2023.02.23-07.03.05:451][  0]LogShaderCompilers: Guid format shader working directory is 10 characters bigger than the processId version (../../../../Unreal Project/Reversi/Intermediate/Shaders/WorkingDirectory/21092/).
[2023.02.23-07.03.05:451][  0]LogShaderCompilers: Cleaned the shader compiler working directory 'C:/Users/Admn/AppData/Local/Temp/UnrealShaderWorkingDir/13613DAD44DA17892E63A6AB6E00D321/'.
[2023.02.23-07.03.05:452][  0]LogXGEController: Cannot use XGE Controller as Incredibuild is not installed on this machine.
[2023.02.23-07.03.05:452][  0]LogShaderCompilers: Cannot use XGE Shader Compiler as Incredibuild is not installed on this machine.
[2023.02.23-07.03.05:452][  0]LogShaderCompilers: Display: Using Local Shader Compiler.
[2023.02.23-07.03.05:865][  0]LogDerivedDataCache: Display: Max Cache Size: 512 MB
[2023.02.23-07.03.05:896][  0]LogDerivedDataCache: Loaded boot cache 0.03s 98MB ../../../../Unreal Project/Reversi/DerivedDataCache/Boot.ddc.
[2023.02.23-07.03.05:896][  0]LogDerivedDataCache: Display: Loaded Boot cache: ../../../../Unreal Project/Reversi/DerivedDataCache/Boot.ddc
[2023.02.23-07.03.05:896][  0]LogDerivedDataCache: FDerivedDataBackendGraph:  Pak pak cache file ../../../../Unreal Project/Reversi/DerivedDataCache/DDC.ddp not found, will not use a pak cache.
[2023.02.23-07.03.05:896][  0]LogDerivedDataCache: Unable to find inner node Pak for hierarchical cache Hierarchy.
[2023.02.23-07.03.05:896][  0]LogDerivedDataCache: FDerivedDataBackendGraph:  EnginePak pak cache file ../../../Engine/DerivedDataCache/DDC.ddp not found, will not use a pak cache.
[2023.02.23-07.03.05:896][  0]LogDerivedDataCache: Unable to find inner node EnginePak for hierarchical cache Hierarchy.
[2023.02.23-07.03.05:900][  0]LogDerivedDataCache: Speed tests for ../../../Engine/DerivedDataCache took 0.00 seconds
[2023.02.23-07.03.05:900][  0]LogDerivedDataCache: Display: Performance to ../../../Engine/DerivedDataCache: Latency=0.02ms. RandomReadSpeed=2468.63MBs, RandomWriteSpeed=310.14MBs. Assigned SpeedClass 'Local'
[2023.02.23-07.03.05:900][  0]LogDerivedDataCache: Using Local data cache path ../../../Engine/DerivedDataCache: Writable
[2023.02.23-07.03.05:900][  0]LogDerivedDataCache: Shared data cache path not found in *engine.ini, will not use an Shared cache.
[2023.02.23-07.03.05:900][  0]LogDerivedDataCache: Unable to find inner node Shared for hierarchical cache Hierarchy.
[2023.02.23-07.03.05:926][  0]LogSlate: Using FreeType 2.10.0
[2023.02.23-07.03.05:927][  0]LogSlate: SlateFontServices - WITH_FREETYPE: 1, WITH_HARFBUZZ: 1
[2023.02.23-07.03.05:939][  0]LogAssetRegistry: FAssetRegistry took 0.0017 seconds to start up
[2023.02.23-07.03.06:065][  0]LogInit: Selected Device Profile: [Windows]
[2023.02.23-07.03.06:065][  0]LogInit: Active device profile: [000001E99A69ED00][000001E993AA11C0 49] Windows
[2023.02.23-07.03.06:065][  0]LogInit: Profiles: [000001E99A69ED00][000001E993AA11C0 49] Windows, [000001E99A639E00][000001E9939B9340 49] WindowsNoEditor, [000001E99A69FC00][000001E9939BD4C0 49] WindowsServer, [000001E99A63AB00][000001E9939C1640 49] WindowsClient, [000001E99A69D700][000001E9939C57C0 49] IOS, [000001E99A63B100][000001E9939C9940 49] iPadAir, [000001E99A69E800][000001E9939CDAC0 49] iPadAir2, [000001E99A5E1300][000001E996ACA1C0 49] IPadPro, [000001E99A5E1400][000001E9939D0200 49] iPadAir3, [000001E99A639F00][000001E9939D4340 49] iPadAir4, [000001E99A5E2100][000001E9939D8480 49] iPadMini2, [000001E99A63AC00][000001E9939DC5C0 49] iPadMini3, [000001E99A5E2C00][000001E9939E4740 49] iPadMini4, [000001E99A63B900][000001E99784A8C0 49] iPadMini5, [000001E99A5FCD00][000001E997852B80 49] iPhone6, [000001E99A5FCE00][000001E99784EBC0 49] iPodTouch6, [000001E99A69DB00][000001E99785AE80 49] iPhone7, [000001E99A69DA00][000001E997856EC0 49] iPodTouch7, [000001E99A5E0F00][000001E99785F040 49] iPhone5S, [000001E99A69EA00][000001E9978631C0 49] iPhone6Plus, [000001E99A5E2900][000001E997867340 49] iPhone6S, [000001E99A5E3300][000001E99786B4C0 49] iPhone6SPlus, [000001E99A5FCC00][000001E99786F640 49] iPhone7Plus, [000001E99A5E0D00][000001E9978737C0 49] iPhoneSE, [000001E99A5FF400][000001E997877940 49] iPhone8, [000001E99A5E1100][000001E99787BAC0 49] iPhone8Plus, [000001E99A5FE400][000001E99787E0C0 49] iPhoneX, [000001E99A5E1900][000001E997882240 49] iPhoneXS, [000001E99A5FE300][000001E9939E0380 49] iPhoneXSMax, [000001E99A5E1A00][000001E9978864C0 49] iPhoneXR, [000001E99A5FE900][000001E99788A600 49] iPhone11, [000001E99A69EC00][000001E99A8A0740 49] iPhone11Pro, [000001E99A5FCB00][000001E99A8A88C0 49] iPhone11ProMax, [000001E99A69D200][000001E99A8ACA40 49] iPhoneSE2, [000001E99A5FDF00][000001E99A8B0BC0 49] iPhone12Mini, [000001E99A69FA00][000001E99A8B4D40 49] iPhone12, [000001E99A5FF700][000001E99A8B8EC0 49] iPhone12Pro, [000001E99A69C600][000001E99A8BD040 49] iPhone12ProMax, [000001E99A5FED00][000001E99A8C11C0 49] iPadPro105, [000001E99A69F400][000001E99A8C5340 49] iPadPro129, [000001E99A5FC200][000001E99A8C94C0 49] iPadPro97, [000001E99A69DC00][000001E99A8CD640 49] iPadPro2_129, [000001E99A5FDC00][000001E99A8D17C0 49] iPad5, [000001E99A69E900][000001E99A8D5940 49] iPad6, [000001E99A5FF500][000001E99A8D9AC0 49] iPad7, [000001E99A69F800][000001E99A8DC0C0 49] iPad8, [000001E99A5FF600][000001E99A8E0240 49] iPadPro11, [000001E99A69D100][000001E99A8E43C0 49] iPadPro2_11, [000001E99A5FD900][000001E99A8E8540 49] iPadPro3_129, [000001E99A69EF00][000001E99A8A4680 49] iPadPro4_129, [000001E99A5FF200][000001E99A8EC7C0 49] AppleTV, [000001E99A69D600][000001E99A8F0900 49] AppleTV4K, [000001E99A5FC300][000001E99A8F8A80 49] TVOS, [000001E99A69DF00][000001E99A8FCC00 49] Mac, [000001E99A5FDB00][000001E99A900D80 49] MacClient, [000001E99A69C300][000001E99A904F00 49] MacNoEditor, [000001E99A5FD000][000001E99A909080 49] MacServer, [000001E99A69CE00][000001E99A90D200 49] Linux, [000001E99A5FC400][000001E99A911380 49] LinuxAArch64, [000001E99A69D300][000001E99A915500 49] LinuxNoEditor, [000001E99A5FEC00][000001E99A919680 49] LinuxAArch64NoEditor, [000001E99A69E000][000001E99A91D800 49] LinuxClient, [000001E99A5FD300][000001E99A921980 49] LinuxAArch64Client, [000001E99A69D400][000001E99A925B00 49] LinuxServer, [000001E99A5FF100][000001E99A928100 49] LinuxAArch64Server, [000001E99A69F100][000001E99A92C280 49] Android, [000001E99A5FC800][000001E99A930400 49] Android_Low, [000001E99A69CA00][000001E99A934580 49] Android_Mid, [000001E99A5FFC00][000001E99A938700 49] Android_High, [000001E99A69F300][000001E99A8F4840 49] Android_Default, [000001E99A5FC100][000001E99A93C980 49] Android_Adreno4xx, [000001E99A69C200][000001E99A940AC0 49] Android_Adreno5xx_Low, [000001E99A5FE800][000001E99A948C40 49] Android_Adreno5xx, [000001E99A69D800][000001E99A94CDC0 49] Android_Adreno6xx, [000001E99A5FE000][000001E99A950F40 49] Android_Adreno6xx_Vulkan, [000001E99A69D000][000001E99A9550C0 49] Android_Mali_T6xx, [000001E99A5FFB00][000001E99A959240 49] Android_Mali_T7xx, [000001E99A5E0600][000001E99A95D3C0 49] Android_Mali_T8xx, [000001E99A63A500][000001E99A961540 49] Android_Mali_G71, [000001E99A5E3800][000001E99A9656C0 49] Android_Mali_G72, [000001E99A63B600][000001E99A969840 49] Android_Mali_G72_Vulkan, [000001E99A5E2500][000001E99A96D9C0 49] Android_Mali_G76, [000001E99A63A200][000001E99A971B40 49] Android_Mali_G76_Vulkan, [000001E99A5E1B00][000001E99A974140 49] Android_Mali_G77, [000001E99A639600][000001E99A9782C0 49] Android_Mali_G77_Vulkan, [000001E99A5E3400][000001E99A97C440 49] Android_Mali_G78, [000001E99A63B700][000001E99A9805C0 49] Android_Mali_G78_Vulkan, [000001E99A5E1200][000001E99A984740 49] Android_Mali_G710, [000001E99A638400][000001E99A9888C0 49] Android_Mali_G710_Vulkan, [000001E99A5E3900][000001E99A944A00 49] Android_Vulkan_SM5, [000001E99A638200][000001E99A98CB40 49] Android_PowerVR_G6xxx, [000001E99A5E3200][000001E99A990C80 49] Android_PowerVR_GT7xxx, [000001E99A638D00][000001E99A994DC0 49] Android_PowerVR_GE8xxx, [000001E99A5E1000][000001E99A99CF40 49] Android_PowerVR_GM9xxx, [000001E99A639000][000001E99A9A10C0 49] Android_PowerVR_GM9xxx_Vulkan, [000001E99A5E0100][000001E99A9A5240 49] Android_TegraK1, [000001E99A63AA00][000001E99A9A93C0 49] Android_Unknown_Vulkan, [000001E99A5E0E00][000001E99A9AD540 49] Lumin, [000001E99A639A00][000001E99A9B16C0 49] Lumin_Desktop, [000001E99A5E3500][000001E99A9B5840 49] HoloLens, 
[2023.02.23-07.03.06:138][  0]LogMeshReduction: Using QuadricMeshReduction for automatic static mesh reduction
[2023.02.23-07.03.06:138][  0]LogMeshReduction: Using SimplygonMeshReduction for automatic skeletal mesh reduction
[2023.02.23-07.03.06:138][  0]LogMeshReduction: Using ProxyLODMeshReduction for automatic mesh merging
[2023.02.23-07.03.06:138][  0]LogMeshReduction: No distributed automatic mesh merging module available
[2023.02.23-07.03.06:138][  0]LogMeshMerging: No distributed automatic mesh merging module available
[2023.02.23-07.03.06:149][  0]LogNetVersion: Reversi 1.0.0, NetCL: 0, EngineNetVer: 17, GameNetVer: 0 (Checksum: 3135421137)
[2023.02.23-07.03.06:356][  0]LogTexture: Default maximum texture size for cubemaps generated from long-lat sources has been changed from 512 to unlimited. In order to preserve old behaiour for '/Engine/MapTemplates/Sky/DaylightAmbientCubemap.DaylightAmbientCubemap', its maximum texture size has been explicitly set to 512.
[2023.02.23-07.03.06:390][  0]LogHMD: PokeAHoleMaterial loaded successfully
[2023.02.23-07.03.06:394][  0]LogUObjectArray: 17164 objects as part of root set at end of initial load.
[2023.02.23-07.03.06:394][  0]LogUObjectAllocator: 4298528 out of 0 bytes used by permanent object pool.
[2023.02.23-07.03.06:394][  0]LogUObjectArray: CloseDisregardForGC: 0/0 objects in disregard for GC pool
[2023.02.23-07.03.06:550][  0]LogNiagaraDebuggerClient: Niagara Debugger Client Initialized | Session: C11B0CA74D33C20110E608AF1720C94D | Instance: 422F2B164BD9907AA71DB38753978C06 (ACT-DES23003-21092).
[2023.02.23-07.03.06:616][  0]LogPython: Using Python 3.7.7
[2023.02.23-07.03.06:905][  0]LogTcpMessaging: Initializing TcpMessaging bridge
[2023.02.23-07.03.06:908][  0]LogUdpMessaging: Initializing bridge on interface 0.0.0.0:0 to multicast group 230.0.0.1:6666.
[2023.02.23-07.03.06:959][  0]LogOutputDevice: Warning: 

Script Stack (0 frames):

[2023.02.23-07.03.06:959][  0]LogWindows: Windows GetLastError: The operation completed successfully. (0)
[2023.02.23-07.03.11:474][  0]LogWindows: Could not start crash report client using ../../../Engine/Binaries/Win64/CrashReportClientEditor-Win64-Debug.exe
[2023.02.23-07.03.11:474][  0]LogMemory: Platform Memory Stats for Windows
[2023.02.23-07.03.11:474][  0]LogMemory: Process Physical Memory: 1107.89 MB used, 1109.30 MB peak
[2023.02.23-07.03.11:474][  0]LogMemory: Process Virtual Memory: 1108.58 MB used, 1110.07 MB peak
[2023.02.23-07.03.11:474][  0]LogMemory: Physical Memory: 13118.67 MB used,  18776.21 MB free, 31894.89 MB total
[2023.02.23-07.03.11:474][  0]LogMemory: Virtual Memory: 134199960.00 MB used,  17765.32 MB free, 134217728.00 MB total
[2023.02.23-07.03.11:474][  0]Message dialog closed, result: Ok, title: The UE4-Reversi Editor has crashed and will close, text: Fatal error: [File:C:/UnrealEngine-4.27/Engine/Source/Runtime/CoreUObject/Private/UObject/UObjectGlobals.cpp] [Line: 3831] 
Default subobject ParticleSystemComponent MovementParticles already exists for ReversiTile /Script/Reversi.Default__ReversiTile.



[2023.02.23-07.03.11:474][  0]LogWindows: Error: === Critical error: ===
[2023.02.23-07.03.11:475][  0]LogWindows: Error: 
[2023.02.23-07.03.11:475][  0]LogWindows: Error: Fatal error: [File:C:/UnrealEngine-4.27/Engine/Source/Runtime/CoreUObject/Private/UObject/UObjectGlobals.cpp] [Line: 3831] 
[2023.02.23-07.03.11:475][  0]LogWindows: Error: Default subobject ParticleSystemComponent MovementParticles already exists for ReversiTile /Script/Reversi.Default__ReversiTile.
[2023.02.23-07.03.11:475][  0]LogWindows: Error: 
[2023.02.23-07.03.11:475][  0]LogWindows: Error: 
[2023.02.23-07.03.11:475][  0]LogWindows: Error: [Callstack] 0x00007ff91afacd29 KERNELBASE.dll!UnknownFunction []
[2023.02.23-07.03.11:475][  0]LogWindows: Error: [Callstack] 0x00007ff8d3f89f16 UE4Editor-Core.dll!ReportAssert() [C:\UnrealEngine-4.27\Engine\Source\Runtime\Core\Private\Windows\WindowsPlatformCrashContext.cpp:1644]
[2023.02.23-07.03.11:475][  0]LogWindows: Error: [Callstack] 0x00007ff8d3f8ddc8 UE4Editor-Core.dll!FWindowsErrorOutputDevice::Serialize() [C:\UnrealEngine-4.27\Engine\Source\Runtime\Core\Private\Windows\WindowsErrorOutputDevice.cpp:78]
[2023.02.23-07.03.11:475][  0]LogWindows: Error: [Callstack] 0x00007ff8d3c9fc90 UE4Editor-Core.dll!FOutputDevice::LogfImpl() [C:\UnrealEngine-4.27\Engine\Source\Runtime\Core\Private\Misc\OutputDevice.cpp:61]
[2023.02.23-07.03.11:475][  0]LogWindows: Error: [Callstack] 0x00007ff8d35f3c23 UE4Editor-CoreUObject.dll!FObjectInitializer::CreateDefaultSubobject() [C:\UnrealEngine-4.27\Engine\Source\Runtime\CoreUObject\Private\UObject\UObjectGlobals.cpp:3831]
[2023.02.23-07.03.11:475][  0]LogWindows: Error: [Callstack] 0x00007ff8d34cecff UE4Editor-CoreUObject.dll!UObject::CreateDefaultSubobject() [C:\UnrealEngine-4.27\Engine\Source\Runtime\CoreUObject\Private\UObject\Obj.cpp:116]
[2023.02.23-07.03.11:475][  0]LogWindows: Error: [Callstack] 0x00007ff886577e20 UE4Editor-Reversi-0019.dll!AReversiTile::AReversiTile() [C:\Unreal Project\Reversi\Source\Reversi\ReversiTile.cpp:72]
[2023.02.23-07.03.11:475][  0]LogWindows: Error: [Callstack] 0x00007ff8d3315533 UE4Editor-CoreUObject.dll!UClass::CreateDefaultObject() [C:\UnrealEngine-4.27\Engine\Source\Runtime\CoreUObject\Private\UObject\Class.cpp:3791]
[2023.02.23-07.03.11:475][  0]LogWindows: Error: [Callstack] 0x00007ff8d3635d6c UE4Editor-CoreUObject.dll!UObjectLoadAllCompiledInDefaultProperties() [C:\UnrealEngine-4.27\Engine\Source\Runtime\CoreUObject\Private\UObject\UObjectBase.cpp:911]
[2023.02.23-07.03.11:475][  0]LogWindows: Error: [Callstack] 0x00007ff8d3612981 UE4Editor-CoreUObject.dll!ProcessNewlyLoadedUObjects() [C:\UnrealEngine-4.27\Engine\Source\Runtime\CoreUObject\Private\UObject\UObjectBase.cpp:1003]
[2023.02.23-07.03.11:475][  0]LogWindows: Error: [Callstack] 0x00007ff8d34dca75 UE4Editor-CoreUObject.dll!TBaseStaticDelegateInstance<void __cdecl(FName,bool),FDefaultDelegateUserPolicy>::ExecuteIfSafe() [C:\UnrealEngine-4.27\Engine\Source\Runtime\Core\Public\Delegates\DelegateInstancesImpl.h:731]
[2023.02.23-07.03.11:475][  0]LogWindows: Error: [Callstack] 0x00007ff8d3cda859 UE4Editor-Core.dll!TMulticastDelegate<void __cdecl(FName,bool),FDefaultDelegateUserPolicy>::Broadcast() [C:\UnrealEngine-4.27\Engine\Source\Runtime\Core\Public\Delegates\DelegateSignatureImpl.inl:955]
[2023.02.23-07.03.11:475][  0]LogWindows: Error: [Callstack] 0x00007ff8d3cfbda0 UE4Editor-Core.dll!FModuleManager::LoadModuleWithFailureReason() [C:\UnrealEngine-4.27\Engine\Source\Runtime\Core\Private\Modules\ModuleManager.cpp:519]
[2023.02.23-07.03.11:475][  0]LogWindows: Error: [Callstack] 0x00007ff90b29611e UE4Editor-Projects.dll!FModuleDescriptor::LoadModulesForPhase() [C:\UnrealEngine-4.27\Engine\Source\Runtime\Projects\Private\ModuleDescriptor.cpp:643]
[2023.02.23-07.03.11:475][  0]LogWindows: Error: [Callstack] 0x00007ff90b296414 UE4Editor-Projects.dll!FProjectManager::LoadModulesForProject() [C:\UnrealEngine-4.27\Engine\Source\Runtime\Projects\Private\ProjectManager.cpp:62]
[2023.02.23-07.03.11:475][  0]LogWindows: Error: [Callstack] 0x00007ff704035bc2 UE4Editor.exe!FEngineLoop::LoadStartupModules() [C:\UnrealEngine-4.27\Engine\Source\Runtime\Launch\Private\LaunchEngineLoop.cpp:3880]
[2023.02.23-07.03.11:475][  0]LogWindows: Error: [Callstack] 0x00007ff704039276 UE4Editor.exe!FEngineLoop::PreInitPostStartupScreen() [C:\UnrealEngine-4.27\Engine\Source\Runtime\Launch\Private\LaunchEngineLoop.cpp:3263]
[2023.02.23-07.03.11:475][  0]LogWindows: Error: [Callstack] 0x00007ff70403132d UE4Editor.exe!GuardedMain() [C:\UnrealEngine-4.27\Engine\Source\Runtime\Launch\Private\Launch.cpp:132]
[2023.02.23-07.03.11:475][  0]LogWindows: Error: [Callstack] 0x00007ff7040316ba UE4Editor.exe!GuardedMainWrapper() [C:\UnrealEngine-4.27\Engine\Source\Runtime\Launch\Private\Windows\LaunchWindows.cpp:137]
[2023.02.23-07.03.11:475][  0]LogWindows: Error: [Callstack] 0x00007ff704034691 UE4Editor.exe!LaunchWindowsStartup() [C:\UnrealEngine-4.27\Engine\Source\Runtime\Launch\Private\Windows\LaunchWindows.cpp:273]
[2023.02.23-07.03.11:475][  0]LogWindows: Error: [Callstack] 0x00007ff704045b94 UE4Editor.exe!WinMain() [C:\UnrealEngine-4.27\Engine\Source\Runtime\Launch\Private\Windows\LaunchWindows.cpp:320]
[2023.02.23-07.03.11:475][  0]LogWindows: Error: [Callstack] 0x00007ff704048746 UE4Editor.exe!__scrt_common_main_seh() [D:\a\_work\1\s\src\vctools\crt\vcstartup\src\startup\exe_common.inl:288]
[2023.02.23-07.03.11:475][  0]LogWindows: Error: [Callstack] 0x00007ff91b6c7614 KERNEL32.DLL!UnknownFunction []
[2023.02.23-07.03.11:475][  0]LogWindows: Error: [Callstack] 0x00007ff91d2626a1 ntdll.dll!UnknownFunction []
[2023.02.23-07.03.11:475][  0]LogWindows: Error: 
[2023.02.23-07.03.11:483][  0]LogExit: Executing StaticShutdownAfterError
[2023.02.23-07.03.11:484][  0]LogWindows: FPlatformMisc::RequestExit(1)
[2023.02.23-07.03.11:484][  0]LogWindows: FPlatformMisc::RequestExitWithStatus(1, 3)
[2023.02.23-07.03.11:484][  0]LogCore: Engine exit requested (reason: Win RequestExit)
[2023.02.23-07.03.11:493][  0]Log file closed, 02/23/23 14:03:11
